C:\Program Files (x86)\Microsoft Visual Studio\2017\Professional\Common7\IDE\VC\VCTargets\Microsoft.CppBuild.targets(391,5): warning MSB8028: The intermediate directory (Debug\) contains files shared from another project (SourceGame.vcxproj).  This can lead to incorrect clean and rebuild behavior.
  Banshee.cpp
c:\users\duy nguyen\documents\game-ninja-gaden-3\ninjagaiden\banshee.cpp(46): warning C4244: 'argument': conversion from 'double' to 'float', possible loss of data
  Bat.cpp
c:\users\duy nguyen\documents\game-ninja-gaden-3\ninjagaiden\bat.cpp(46): warning C4244: 'argument': conversion from 'double' to 'float', possible loss of data
  Bird.cpp
c:\users\duy nguyen\documents\game-ninja-gaden-3\ninjagaiden\bird.cpp(46): warning C4244: 'argument': conversion from 'double' to 'float', possible loss of data
  Camera.cpp
c:\users\duy nguyen\documents\game-ninja-gaden-3\ninjagaiden\camera.cpp(62): warning C4244: 'argument': conversion from 'int' to 'float', possible loss of data
c:\users\duy nguyen\documents\game-ninja-gaden-3\ninjagaiden\camera.cpp(76): warning C4244: 'argument': conversion from 'int' to 'float', possible loss of data
  Enemy.cpp
c:\users\duy nguyen\documents\game-ninja-gaden-3\ninjagaiden\enemy.cpp(102): warning C4244: 'argument': conversion from 'double' to 'float', possible loss of data
  Game.cpp
c:\users\duy nguyen\documents\game-ninja-gaden-3\ninjagaiden\game.cpp(21): warning C4244: 'argument': conversion from 'double' to 'float', possible loss of data
c:\users\duy nguyen\documents\game-ninja-gaden-3\ninjagaiden\game.cpp(20): warning C4244: 'argument': conversion from 'double' to 'float', possible loss of data
  Panther.cpp
c:\users\duy nguyen\documents\game-ninja-gaden-3\ninjagaiden\panther.cpp(46): warning C4244: 'argument': conversion from 'double' to 'float', possible loss of data
  Ryu.cpp
c:\users\duy nguyen\documents\game-ninja-gaden-3\ninjagaiden\ryu.cpp(21): warning C4244: 'argument': conversion from 'double' to 'DWORD', possible loss of data
c:\users\duy nguyen\documents\game-ninja-gaden-3\ninjagaiden\ryu.cpp(22): warning C4244: 'argument': conversion from 'double' to 'DWORD', possible loss of data
c:\users\duy nguyen\documents\game-ninja-gaden-3\ninjagaiden\ryu.cpp(29): warning C4244: 'initializing': conversion from 'double' to 'float', possible loss of data
c:\users\duy nguyen\documents\game-ninja-gaden-3\ninjagaiden\ryu.cpp(30): warning C4244: 'initializing': conversion from 'double' to 'float', possible loss of data
  Shooter.cpp
c:\users\duy nguyen\documents\game-ninja-gaden-3\ninjagaiden\shooter.cpp(46): warning C4244: 'argument': conversion from 'double' to 'float', possible loss of data
  SpriteManager.cpp
  SwordMan.cpp
c:\users\duy nguyen\documents\game-ninja-gaden-3\ninjagaiden\swordman.cpp(46): warning C4244: 'argument': conversion from 'double' to 'float', possible loss of data
  WinMain.cpp
c:\users\duy nguyen\documents\game-ninja-gaden-3\ninjagaiden\winmain.cpp(19): warning C4244: 'argument': conversion from 'time_t' to 'unsigned int', possible loss of data
c:\users\duy nguyen\documents\game-ninja-gaden-3\ninjagaiden\winmain.cpp(29): warning C4244: 'initializing': conversion from 'double' to 'DWORD', possible loss of data
  World.cpp
c:\users\duy nguyen\documents\game-ninja-gaden-3\ninjagaiden\world.cpp(40): warning C4018: '<': signed/unsigned mismatch
c:\users\duy nguyen\documents\game-ninja-gaden-3\ninjagaiden\world.cpp(95): warning C4018: '<': signed/unsigned mismatch
c:\users\duy nguyen\documents\game-ninja-gaden-3\ninjagaiden\world.cpp(111): warning C4018: '<': signed/unsigned mismatch
c:\users\duy nguyen\documents\game-ninja-gaden-3\ninjagaiden\world.cpp(172): warning C4018: '<': signed/unsigned mismatch
c:\users\duy nguyen\documents\game-ninja-gaden-3\ninjagaiden\world.cpp(197): warning C4018: '<': signed/unsigned mismatch
c:\users\duy nguyen\documents\game-ninja-gaden-3\ninjagaiden\world.cpp(207): warning C4018: '<': signed/unsigned mismatch
c:\users\duy nguyen\documents\game-ninja-gaden-3\ninjagaiden\world.cpp(209): warning C4018: '<': signed/unsigned mismatch
c:\users\duy nguyen\documents\game-ninja-gaden-3\ninjagaiden\world.cpp(225): warning C4018: '<': signed/unsigned mismatch
c:\users\duy nguyen\documents\game-ninja-gaden-3\ninjagaiden\world.cpp(249): warning C4244: 'argument': conversion from 'int' to 'float', possible loss of data
c:\users\duy nguyen\documents\game-ninja-gaden-3\ninjagaiden\world.cpp(250): warning C4244: 'argument': conversion from 'int' to 'float', possible loss of data
  Generating Code...
  NinjaGaiden.vcxproj -> C:\Users\Duy Nguyen\Documents\Game-Ninja-Gaden-3\Debug\NinjaGaiden.exe
