  Animation.cpp
  BaseObject.cpp
c:\users\duy nguyen\source\repos\ninjagaiden\sourcegame\baseobject.cpp(42): warning C4244: 'argument': conversion from 'int' to 'float', possible loss of data
c:\users\duy nguyen\source\repos\ninjagaiden\sourcegame\baseobject.cpp(87): warning C4244: 'argument': conversion from 'float' to 'int', possible loss of data
c:\users\duy nguyen\source\repos\ninjagaiden\sourcegame\baseobject.cpp(95): warning C4244: 'argument': conversion from 'double' to 'DWORD', possible loss of data
  Camera.cpp
  Collision.cpp
c:\users\duy nguyen\source\repos\ninjagaiden\sourcegame\collision.cpp(139): warning C4244: 'argument': conversion from 'float' to 'int', possible loss of data
c:\users\duy nguyen\source\repos\ninjagaiden\sourcegame\collision.cpp(140): warning C4244: 'argument': conversion from 'float' to 'int', possible loss of data
  CollisionTypeCollide.cpp
  Game.cpp
c:\users\duy nguyen\source\repos\ninjagaiden\sourcegame\game.cpp(25): warning C4244: 'argument': conversion from 'double' to 'float', possible loss of data
c:\users\duy nguyen\source\repos\ninjagaiden\sourcegame\game.cpp(24): warning C4244: 'argument': conversion from 'double' to 'float', possible loss of data
  GameConfiguration.cpp
  GameDirectX.cpp
c:\users\duy nguyen\source\repos\ninjagaiden\sourcegame\gamedirectx.cpp(39): warning C4244: '=': conversion from 'double' to 'UINT', possible loss of data
c:\users\duy nguyen\source\repos\ninjagaiden\sourcegame\gamedirectx.cpp(40): warning C4244: '=': conversion from 'double' to 'UINT', possible loss of data
c:\users\duy nguyen\source\repos\ninjagaiden\sourcegame\gamedirectx.cpp(144): warning C4267: 'argument': conversion from 'size_t' to 'INT', possible loss of data
  GameTexture.cpp
c:\users\duy nguyen\source\repos\ninjagaiden\sourcegame\gametexture.cpp(42): warning C4244: 'argument': conversion from 'int' to 'FLOAT', possible loss of data
c:\users\duy nguyen\source\repos\ninjagaiden\sourcegame\gametexture.cpp(43): warning C4244: 'argument': conversion from 'int' to 'FLOAT', possible loss of data
  GameTime.cpp
  GameUtils.cpp
  KEY.cpp
  MovableRect.cpp
  PhysicsObject.cpp
c:\users\duy nguyen\source\repos\ninjagaiden\sourcegame\physicsobject.cpp(7): warning C4244: 'argument': conversion from 'double' to 'float', possible loss of data
  Rect.cpp
  Ryu.cpp
c:\users\duy nguyen\source\repos\ninjagaiden\sourcegame\ryu.cpp(17): warning C4244: 'initializing': conversion from 'double' to 'float', possible loss of data
  Sprite.cpp
  SpriteManager.cpp
  Tilemap.cpp
c:\users\duy nguyen\source\repos\ninjagaiden\sourcegame\tilemap.cpp(14): warning C4244: '=': conversion from 'float' to 'int', possible loss of data
c:\users\duy nguyen\source\repos\ninjagaiden\sourcegame\tilemap.cpp(17): warning C4244: '=': conversion from 'float' to 'int', possible loss of data
c:\users\duy nguyen\source\repos\ninjagaiden\sourcegame\tilemap.cpp(20): warning C4244: '=': conversion from 'float' to 'int', possible loss of data
c:\users\duy nguyen\source\repos\ninjagaiden\sourcegame\tilemap.cpp(23): warning C4244: '=': conversion from 'float' to 'int', possible loss of data
c:\users\duy nguyen\source\repos\ninjagaiden\sourcegame\tilemap.cpp(52): warning C4267: 'initializing': conversion from 'size_t' to 'int', possible loss of data
c:\users\duy nguyen\source\repos\ninjagaiden\sourcegame\tilemap.cpp(53): warning C4267: 'initializing': conversion from 'size_t' to 'int', possible loss of data
c:\users\duy nguyen\source\repos\ninjagaiden\sourcegame\tilemap.cpp(60): warning C4244: 'argument': conversion from 'int' to 'float', possible loss of data
c:\users\duy nguyen\source\repos\ninjagaiden\sourcegame\tilemap.cpp(78): warning C4244: 'argument': conversion from 'float' to 'int', possible loss of data
  WindowGame.cpp
c:\users\duy nguyen\source\repos\ninjagaiden\sourcegame\windowgame.cpp(37): warning C4244: 'argument': conversion from 'double' to 'int', possible loss of data
c:\users\duy nguyen\source\repos\ninjagaiden\sourcegame\windowgame.cpp(56): warning C4101: 'hdc': unreferenced local variable
c:\users\duy nguyen\source\repos\ninjagaiden\sourcegame\windowgame.cpp(55): warning C4101: 'ps': unreferenced local variable
c:\users\duy nguyen\source\repos\ninjagaiden\sourcegame\windowgame.cpp(54): warning C4101: 'wmEvent': unreferenced local variable
c:\users\duy nguyen\source\repos\ninjagaiden\sourcegame\windowgame.cpp(54): warning C4101: 'wmId': unreferenced local variable
  Generating Code...
  Compiling...
  WinMain.cpp
c:\users\duy nguyen\source\repos\ninjagaiden\sourcegame\winmain.cpp(19): warning C4244: 'argument': conversion from 'time_t' to 'unsigned int', possible loss of data
c:\users\duy nguyen\source\repos\ninjagaiden\sourcegame\winmain.cpp(29): warning C4244: 'initializing': conversion from 'double' to 'DWORD', possible loss of data
  World.cpp
c:\users\duy nguyen\source\repos\ninjagaiden\sourcegame\world.cpp(34): warning C4065: switch statement contains 'default' but no 'case' labels
c:\users\duy nguyen\source\repos\ninjagaiden\sourcegame\world.cpp(68): warning C4267: 'argument': conversion from 'size_t' to 'int', possible loss of data
c:\users\duy nguyen\source\repos\ninjagaiden\sourcegame\world.cpp(69): warning C4267: 'argument': conversion from 'size_t' to 'int', possible loss of data
c:\users\duy nguyen\source\repos\ninjagaiden\sourcegame\world.cpp(81): warning C4267: 'argument': conversion from 'size_t' to 'int', possible loss of data
  Generating Code...
Camera.obj : error LNK2019: unresolved external symbol D3DXVec3Transform referenced in function "public: void __cdecl Camera::convertWorldToView(float,float,float &,float &)" (?convertWorldToView@Camera@@QEAAXMMAEAM0@Z)
Camera.obj : error LNK2019: unresolved external symbol "public: static class Player * __cdecl Player::getInstance(void)" (?getInstance@Player@@SAPEAV1@XZ) referenced in function "public: void __cdecl Camera::update(void)" (?update@Camera@@QEAAXXZ)
World.obj : error LNK2001: unresolved external symbol "public: static class Player * __cdecl Player::getInstance(void)" (?getInstance@Player@@SAPEAV1@XZ)
GameDirectX.obj : error LNK2019: unresolved external symbol Direct3DCreate9 referenced in function "private: bool __cdecl GameDirectX::initDirectX(void)" (?initDirectX@GameDirectX@@AEAA_NXZ)
GameDirectX.obj : error LNK2019: unresolved external symbol D3DXCreateSprite referenced in function "private: bool __cdecl GameDirectX::isInitSprite(void)" (?isInitSprite@GameDirectX@@AEAA_NXZ)
GameDirectX.obj : error LNK2019: unresolved external symbol D3DXCreateFontA referenced in function "public: void __cdecl GameDirectX::PrintText(char *,int,int,int,unsigned long)" (?PrintText@GameDirectX@@QEAAXPEADHHHK@Z)
GameTexture.obj : error LNK2019: unresolved external symbol D3DXGetImageInfoFromFileA referenced in function "public: void __cdecl GameTexture::Init(char const *,unsigned long)" (?Init@GameTexture@@QEAAXPEBDK@Z)
GameTexture.obj : error LNK2019: unresolved external symbol D3DXCreateTextureFromFileExA referenced in function "public: void __cdecl GameTexture::Init(char const *,unsigned long)" (?Init@GameTexture@@QEAAXPEBDK@Z)
C:\Program Files (x86)\Microsoft DirectX SDK (June 2010)\Lib\x86\dinput8.lib : warning LNK4272: library machine type 'x86' conflicts with target machine type 'x64'
C:\Program Files (x86)\Microsoft DirectX SDK (June 2010)\Lib\x86\dxguid.lib : warning LNK4272: library machine type 'x86' conflicts with target machine type 'x64'
C:\Program Files (x86)\Microsoft DirectX SDK (June 2010)\Lib\x86\d3d9.lib : warning LNK4272: library machine type 'x86' conflicts with target machine type 'x64'
C:\Program Files (x86)\Microsoft DirectX SDK (June 2010)\Lib\x86\d3dx9.lib : warning LNK4272: library machine type 'x86' conflicts with target machine type 'x64'
C:\Users\Duy Nguyen\source\repos\NinjaGaiden\x64\Debug\NinjaGaiden.exe : fatal error LNK1120: 7 unresolved externals
